<?xml version="1.0" encoding="UTF-8"?>
<testsuite xmlns:xsi="http://www.w3.org/2001/XMLSchema-instance" xsi:noNamespaceSchemaLocation="https://maven.apache.org/surefire/maven-surefire-plugin/xsd/surefire-test-report-3.0.xsd" version="3.0" name="TestSuite" time="18.529" tests="1" errors="0" skipped="0" failures="0">
  <properties>
    <property name="java.specification.version" value="17"/>
    <property name="webdriver.chrome.driver" value="./Drivers\chromedriver.exe"/>
    <property name="sun.cpu.isalist" value="amd64"/>
    <property name="sun.jnu.encoding" value="Cp1252"/>
    <property name="java.class.path" value="C:\Users\atul.dhote\eclipse-workspace\hbAxaTest\hbAxaTest\target\test-classes;C:\Users\atul.dhote\eclipse-workspace\hbAxaTest\hbAxaTest\target\classes;C:\Users\atul.dhote\.m2\repository\org\seleniumhq\selenium\selenium-java\3.11.0\selenium-java-3.11.0.jar;C:\Users\atul.dhote\.m2\repository\org\seleniumhq\selenium\selenium-api\3.11.0\selenium-api-3.11.0.jar;C:\Users\atul.dhote\.m2\repository\org\seleniumhq\selenium\selenium-chrome-driver\3.11.0\selenium-chrome-driver-3.11.0.jar;C:\Users\atul.dhote\.m2\repository\org\seleniumhq\selenium\selenium-edge-driver\3.11.0\selenium-edge-driver-3.11.0.jar;C:\Users\atul.dhote\.m2\repository\org\seleniumhq\selenium\selenium-firefox-driver\3.11.0\selenium-firefox-driver-3.11.0.jar;C:\Users\atul.dhote\.m2\repository\org\seleniumhq\selenium\selenium-ie-driver\3.11.0\selenium-ie-driver-3.11.0.jar;C:\Users\atul.dhote\.m2\repository\org\seleniumhq\selenium\selenium-opera-driver\3.11.0\selenium-opera-driver-3.11.0.jar;C:\Users\atul.dhote\.m2\repository\org\seleniumhq\selenium\selenium-remote-driver\3.11.0\selenium-remote-driver-3.11.0.jar;C:\Users\atul.dhote\.m2\repository\org\seleniumhq\selenium\selenium-safari-driver\3.11.0\selenium-safari-driver-3.11.0.jar;C:\Users\atul.dhote\.m2\repository\org\seleniumhq\selenium\selenium-support\3.11.0\selenium-support-3.11.0.jar;C:\Users\atul.dhote\.m2\repository\net\bytebuddy\byte-buddy\1.7.9\byte-buddy-1.7.9.jar;C:\Users\atul.dhote\.m2\repository\org\apache\commons\commons-exec\1.3\commons-exec-1.3.jar;C:\Users\atul.dhote\.m2\repository\commons-codec\commons-codec\1.10\commons-codec-1.10.jar;C:\Users\atul.dhote\.m2\repository\commons-logging\commons-logging\1.2\commons-logging-1.2.jar;C:\Users\atul.dhote\.m2\repository\com\google\code\gson\gson\2.8.2\gson-2.8.2.jar;C:\Users\atul.dhote\.m2\repository\org\apache\httpcomponents\httpclient\4.5.3\httpclient-4.5.3.jar;C:\Users\atul.dhote\.m2\repository\org\apache\httpcomponents\httpcore\4.4.6\httpcore-4.4.6.jar;C:\Users\atul.dhote\.m2\repository\com\squareup\okhttp3\okhttp\3.9.1\okhttp-3.9.1.jar;C:\Users\atul.dhote\.m2\repository\com\squareup\okio\okio\1.13.0\okio-1.13.0.jar;C:\Users\atul.dhote\.m2\repository\com\google\guava\guava\27.0.1-jre\guava-27.0.1-jre.jar;C:\Users\atul.dhote\.m2\repository\com\google\guava\failureaccess\1.0.1\failureaccess-1.0.1.jar;C:\Users\atul.dhote\.m2\repository\com\google\guava\listenablefuture\9999.0-empty-to-avoid-conflict-with-guava\listenablefuture-9999.0-empty-to-avoid-conflict-with-guava.jar;C:\Users\atul.dhote\.m2\repository\com\google\code\findbugs\jsr305\3.0.2\jsr305-3.0.2.jar;C:\Users\atul.dhote\.m2\repository\org\checkerframework\checker-qual\2.5.2\checker-qual-2.5.2.jar;C:\Users\atul.dhote\.m2\repository\com\google\errorprone\error_prone_annotations\2.2.0\error_prone_annotations-2.2.0.jar;C:\Users\atul.dhote\.m2\repository\com\google\j2objc\j2objc-annotations\1.1\j2objc-annotations-1.1.jar;C:\Users\atul.dhote\.m2\repository\org\codehaus\mojo\animal-sniffer-annotations\1.17\animal-sniffer-annotations-1.17.jar;C:\Users\atul.dhote\.m2\repository\com\paulhammant\ngwebdriver\1.1.3\ngwebdriver-1.1.3.jar;C:\Users\atul.dhote\.m2\repository\org\testng\testng\6.9.10\testng-6.9.10.jar;C:\Users\atul.dhote\.m2\repository\com\beust\jcommander\1.48\jcommander-1.48.jar;C:\Users\atul.dhote\.m2\repository\org\beanshell\bsh\2.0b4\bsh-2.0b4.jar;C:\Users\atul.dhote\.m2\repository\org\apache\poi\poi\3.17\poi-3.17.jar;C:\Users\atul.dhote\.m2\repository\org\apache\commons\commons-collections4\4.1\commons-collections4-4.1.jar;C:\Users\atul.dhote\.m2\repository\org\apache\poi\poi-ooxml\3.17\poi-ooxml-3.17.jar;C:\Users\atul.dhote\.m2\repository\org\apache\poi\poi-ooxml-schemas\3.17\poi-ooxml-schemas-3.17.jar;C:\Users\atul.dhote\.m2\repository\org\apache\xmlbeans\xmlbeans\2.6.0\xmlbeans-2.6.0.jar;C:\Users\atul.dhote\.m2\repository\stax\stax-api\1.0.1\stax-api-1.0.1.jar;C:\Users\atul.dhote\.m2\repository\com\github\virtuald\curvesapi\1.04\curvesapi-1.04.jar;C:\Users\atul.dhote\.m2\repository\com\aventstack\extentreports\3.1.2\extentreports-3.1.2.jar;C:\Users\atul.dhote\.m2\repository\org\freemarker\freemarker\2.3.23\freemarker-2.3.23.jar;C:\Users\atul.dhote\.m2\repository\org\mongodb\mongodb-driver\3.3.0\mongodb-driver-3.3.0.jar;C:\Users\atul.dhote\.m2\repository\org\mongodb\bson\3.3.0\bson-3.3.0.jar;C:\Users\atul.dhote\.m2\repository\org\mongodb\mongodb-driver-core\3.3.0\mongodb-driver-core-3.3.0.jar;C:\Users\atul.dhote\.m2\repository\org\apache\httpcomponents\httpmime\4.5.2\httpmime-4.5.2.jar;C:\Users\atul.dhote\.m2\repository\org\jsoup\jsoup\1.9.2\jsoup-1.9.2.jar;C:\Users\atul.dhote\.m2\repository\org\apache\commons\commons-lang3\3.4\commons-lang3-3.4.jar;C:\Users\atul.dhote\.m2\repository\commons-io\commons-io\2.4\commons-io-2.4.jar;C:\Users\atul.dhote\.m2\repository\log4j\log4j\1.2.17\log4j-1.2.17.jar;C:\Users\atul.dhote\.m2\repository\ru\yandex\qatools\ashot\ashot\1.5.4\ashot-1.5.4.jar;C:\Users\atul.dhote\.m2\repository\org\hamcrest\hamcrest-core\1.3\hamcrest-core-1.3.jar;"/>
    <property name="java.vm.vendor" value="Oracle Corporation"/>
    <property name="sun.arch.data.model" value="64"/>
    <property name="user.variant" value=""/>
    <property name="java.vendor.url" value="https://java.oracle.com/"/>
    <property name="user.timezone" value="Asia/Calcutta"/>
    <property name="os.name" value="Windows 10"/>
    <property name="java.vm.specification.version" value="17"/>
    <property name="sun.java.launcher" value="SUN_STANDARD"/>
    <property name="user.country" value="IN"/>
    <property name="sun.boot.library.path" value="C:\Program Files\Java\jdk-17\bin"/>
    <property name="sun.java.command" value="C:\Users\atul.dhote\AppData\Local\Temp\surefire4692361157172642914\surefirebooter-20241205230610509_3.jar C:\Users\atul.dhote\AppData\Local\Temp\surefire4692361157172642914 2024-12-05T23-06-09_836-jvmRun1 surefire-20241205230610509_1tmp surefire_0-20241205230610509_2tmp"/>
    <property name="jdk.debug" value="release"/>
    <property name="surefire.test.class.path" value="C:\Users\atul.dhote\eclipse-workspace\hbAxaTest\hbAxaTest\target\test-classes;C:\Users\atul.dhote\eclipse-workspace\hbAxaTest\hbAxaTest\target\classes;C:\Users\atul.dhote\.m2\repository\org\seleniumhq\selenium\selenium-java\3.11.0\selenium-java-3.11.0.jar;C:\Users\atul.dhote\.m2\repository\org\seleniumhq\selenium\selenium-api\3.11.0\selenium-api-3.11.0.jar;C:\Users\atul.dhote\.m2\repository\org\seleniumhq\selenium\selenium-chrome-driver\3.11.0\selenium-chrome-driver-3.11.0.jar;C:\Users\atul.dhote\.m2\repository\org\seleniumhq\selenium\selenium-edge-driver\3.11.0\selenium-edge-driver-3.11.0.jar;C:\Users\atul.dhote\.m2\repository\org\seleniumhq\selenium\selenium-firefox-driver\3.11.0\selenium-firefox-driver-3.11.0.jar;C:\Users\atul.dhote\.m2\repository\org\seleniumhq\selenium\selenium-ie-driver\3.11.0\selenium-ie-driver-3.11.0.jar;C:\Users\atul.dhote\.m2\repository\org\seleniumhq\selenium\selenium-opera-driver\3.11.0\selenium-opera-driver-3.11.0.jar;C:\Users\atul.dhote\.m2\repository\org\seleniumhq\selenium\selenium-remote-driver\3.11.0\selenium-remote-driver-3.11.0.jar;C:\Users\atul.dhote\.m2\repository\org\seleniumhq\selenium\selenium-safari-driver\3.11.0\selenium-safari-driver-3.11.0.jar;C:\Users\atul.dhote\.m2\repository\org\seleniumhq\selenium\selenium-support\3.11.0\selenium-support-3.11.0.jar;C:\Users\atul.dhote\.m2\repository\net\bytebuddy\byte-buddy\1.7.9\byte-buddy-1.7.9.jar;C:\Users\atul.dhote\.m2\repository\org\apache\commons\commons-exec\1.3\commons-exec-1.3.jar;C:\Users\atul.dhote\.m2\repository\commons-codec\commons-codec\1.10\commons-codec-1.10.jar;C:\Users\atul.dhote\.m2\repository\commons-logging\commons-logging\1.2\commons-logging-1.2.jar;C:\Users\atul.dhote\.m2\repository\com\google\code\gson\gson\2.8.2\gson-2.8.2.jar;C:\Users\atul.dhote\.m2\repository\org\apache\httpcomponents\httpclient\4.5.3\httpclient-4.5.3.jar;C:\Users\atul.dhote\.m2\repository\org\apache\httpcomponents\httpcore\4.4.6\httpcore-4.4.6.jar;C:\Users\atul.dhote\.m2\repository\com\squareup\okhttp3\okhttp\3.9.1\okhttp-3.9.1.jar;C:\Users\atul.dhote\.m2\repository\com\squareup\okio\okio\1.13.0\okio-1.13.0.jar;C:\Users\atul.dhote\.m2\repository\com\google\guava\guava\27.0.1-jre\guava-27.0.1-jre.jar;C:\Users\atul.dhote\.m2\repository\com\google\guava\failureaccess\1.0.1\failureaccess-1.0.1.jar;C:\Users\atul.dhote\.m2\repository\com\google\guava\listenablefuture\9999.0-empty-to-avoid-conflict-with-guava\listenablefuture-9999.0-empty-to-avoid-conflict-with-guava.jar;C:\Users\atul.dhote\.m2\repository\com\google\code\findbugs\jsr305\3.0.2\jsr305-3.0.2.jar;C:\Users\atul.dhote\.m2\repository\org\checkerframework\checker-qual\2.5.2\checker-qual-2.5.2.jar;C:\Users\atul.dhote\.m2\repository\com\google\errorprone\error_prone_annotations\2.2.0\error_prone_annotations-2.2.0.jar;C:\Users\atul.dhote\.m2\repository\com\google\j2objc\j2objc-annotations\1.1\j2objc-annotations-1.1.jar;C:\Users\atul.dhote\.m2\repository\org\codehaus\mojo\animal-sniffer-annotations\1.17\animal-sniffer-annotations-1.17.jar;C:\Users\atul.dhote\.m2\repository\com\paulhammant\ngwebdriver\1.1.3\ngwebdriver-1.1.3.jar;C:\Users\atul.dhote\.m2\repository\org\testng\testng\6.9.10\testng-6.9.10.jar;C:\Users\atul.dhote\.m2\repository\com\beust\jcommander\1.48\jcommander-1.48.jar;C:\Users\atul.dhote\.m2\repository\org\beanshell\bsh\2.0b4\bsh-2.0b4.jar;C:\Users\atul.dhote\.m2\repository\org\apache\poi\poi\3.17\poi-3.17.jar;C:\Users\atul.dhote\.m2\repository\org\apache\commons\commons-collections4\4.1\commons-collections4-4.1.jar;C:\Users\atul.dhote\.m2\repository\org\apache\poi\poi-ooxml\3.17\poi-ooxml-3.17.jar;C:\Users\atul.dhote\.m2\repository\org\apache\poi\poi-ooxml-schemas\3.17\poi-ooxml-schemas-3.17.jar;C:\Users\atul.dhote\.m2\repository\org\apache\xmlbeans\xmlbeans\2.6.0\xmlbeans-2.6.0.jar;C:\Users\atul.dhote\.m2\repository\stax\stax-api\1.0.1\stax-api-1.0.1.jar;C:\Users\atul.dhote\.m2\repository\com\github\virtuald\curvesapi\1.04\curvesapi-1.04.jar;C:\Users\atul.dhote\.m2\repository\com\aventstack\extentreports\3.1.2\extentreports-3.1.2.jar;C:\Users\atul.dhote\.m2\repository\org\freemarker\freemarker\2.3.23\freemarker-2.3.23.jar;C:\Users\atul.dhote\.m2\repository\org\mongodb\mongodb-driver\3.3.0\mongodb-driver-3.3.0.jar;C:\Users\atul.dhote\.m2\repository\org\mongodb\bson\3.3.0\bson-3.3.0.jar;C:\Users\atul.dhote\.m2\repository\org\mongodb\mongodb-driver-core\3.3.0\mongodb-driver-core-3.3.0.jar;C:\Users\atul.dhote\.m2\repository\org\apache\httpcomponents\httpmime\4.5.2\httpmime-4.5.2.jar;C:\Users\atul.dhote\.m2\repository\org\jsoup\jsoup\1.9.2\jsoup-1.9.2.jar;C:\Users\atul.dhote\.m2\repository\org\apache\commons\commons-lang3\3.4\commons-lang3-3.4.jar;C:\Users\atul.dhote\.m2\repository\commons-io\commons-io\2.4\commons-io-2.4.jar;C:\Users\atul.dhote\.m2\repository\log4j\log4j\1.2.17\log4j-1.2.17.jar;C:\Users\atul.dhote\.m2\repository\ru\yandex\qatools\ashot\ashot\1.5.4\ashot-1.5.4.jar;C:\Users\atul.dhote\.m2\repository\org\hamcrest\hamcrest-core\1.3\hamcrest-core-1.3.jar;"/>
    <property name="sun.cpu.endian" value="little"/>
    <property name="user.home" value="C:\Users\atul.dhote"/>
    <property name="user.language" value="en"/>
    <property name="java.specification.vendor" value="Oracle Corporation"/>
    <property name="java.version.date" value="2024-07-16"/>
    <property name="java.home" value="C:\Program Files\Java\jdk-17"/>
    <property name="file.separator" value="\"/>
    <property name="style.color" value="always"/>
    <property name="basedir" value="C:\Users\atul.dhote\eclipse-workspace\hbAxaTest\hbAxaTest"/>
    <property name="java.vm.compressedOopsMode" value="Zero based"/>
    <property name="line.separator" value="&#10;"/>
    <property name="java.vm.specification.vendor" value="Oracle Corporation"/>
    <property name="java.specification.name" value="Java Platform API Specification"/>
    <property name="surefire.real.class.path" value="C:\Users\atul.dhote\AppData\Local\Temp\surefire4692361157172642914\surefirebooter-20241205230610509_3.jar"/>
    <property name="user.script" value=""/>
    <property name="sun.management.compiler" value="HotSpot 64-Bit Tiered Compilers"/>
    <property name="java.runtime.version" value="17.0.12+8-LTS-286"/>
    <property name="user.name" value="atul.dhote"/>
    <property name="path.separator" value=";"/>
    <property name="os.version" value="10.0"/>
    <property name="java.runtime.name" value="Java(TM) SE Runtime Environment"/>
    <property name="file.encoding" value="Cp1252"/>
    <property name="java.vm.name" value="Java HotSpot(TM) 64-Bit Server VM"/>
    <property name="localRepository" value="C:\Users\atul.dhote\.m2\repository"/>
    <property name="java.vendor.url.bug" value="https://bugreport.java.com/bugreport/"/>
    <property name="java.io.tmpdir" value="C:\Users\ATUL~1.DHO\AppData\Local\Temp\"/>
    <property name="java.version" value="17.0.12"/>
    <property name="user.dir" value="C:\Users\atul.dhote\eclipse-workspace\hbAxaTest\hbAxaTest"/>
    <property name="os.arch" value="amd64"/>
    <property name="java.vm.specification.name" value="Java Virtual Machine Specification"/>
    <property name="sun.os.patch.level" value=""/>
    <property name="native.encoding" value="Cp1252"/>
    <property name="java.library.path" value="C:\Program Files\Java\jdk-17\bin;C:\Windows\Sun\Java\bin;C:\Windows\system32;C:\Windows;C:\Program Files\Common Files\Oracle\Java\javapath;C:\Program Files (x86)\RSA SecurID Token Common;C:\Program Files\RSA SecurID Token Common;C:\Program Files\Microsoft MPI\Bin\;C:\Windows\system32;C:\Windows;C:\Windows\System32\Wbem;C:\Windows\System32\WindowsPowerShell\v1.0\;C:\Windows\System32\OpenSSH\;C:\Program Files (x86)\Microsoft SQL Server\150\Tools\Binn\;C:\Program Files\Microsoft SQL Server\150\Tools\Binn\;C:\Program Files (x86)\Microsoft SQL Server\150\DTS\Binn\;C:\Program Files\Microsoft SQL Server\150\DTS\Binn\;C:\Program Files\Microsoft SQL Server\Client SDK\ODBC\170\Tools\Binn\;C:\Program Files\Azure Data Studio\bin;C:\Program Files\dotnet\;C:\Program Files\Microsoft SQL Server\130\Tools\Binn\;C:\Program Files\Git\cmd;C:\Program Files\TortoiseGit\bin;C:\Program Files\TortoiseSVN\bin;C:\Program Files (x86)\Intel\Intel(R) Management Engine Components\DAL;C:\Program Files\Intel\Intel(R) Management Engine Components\DAL;C:\Program Files\Maven_Atul\apache-maven-3.9.9-bin\apache-maven-3.9.9\bin;C:\Program Files\RSA SecurID Token Common\;."/>
    <property name="java.vm.info" value="mixed mode, sharing"/>
    <property name="java.vendor" value="Oracle Corporation"/>
    <property name="java.vm.version" value="17.0.12+8-LTS-286"/>
    <property name="sun.io.unicode.encoding" value="UnicodeLittle"/>
    <property name="org.apache.commons.logging.Log" value="org.apache.commons.logging.impl.Jdk14Logger"/>
    <property name="java.class.version" value="61.0"/>
  </properties>
  <testcase name="dashboard_tc[10](1)" classname="com.hbaxa.testcases.TC_PA_List_newTC" time="3.632">
    <system-out><![CDATA[Current Row is 10
12-05-2024 23:06:14 - [hbAxa] - [BaseClass.java] - [setup] - INFO  - 147 - Base url launched
12-05-2024 23:06:19 - [hbAxa] - [TC_PA_List_newTC.java] - [pom_object] - INFO  - 62 - <===== PA TEST STARTED  Dashboard PA List PROCESS ====>
12-05-2024 23:06:19 - [hbAxa] - [TC_PA_List_newTC.java] - [pom_object] - INFO  - 68 - Login test started
12-05-2024 23:06:19 - [hbAxa] - [TC_PA_List_newTC.java] - [pom_object] - INFO  - 74 - Username Entered
12-05-2024 23:06:19 - [hbAxa] - [TC_PA_List_newTC.java] - [pom_object] - INFO  - 77 - Password Entered
12-05-2024 23:06:22 - [hbAxa] - [TC_PA_List_newTC.java] - [pom_object] - INFO  - 80 - Submit Button Clicked
12-05-2024 23:06:23 - [hbAxa] - [TC_PA_List_newTC.java] - [dashboard_tc] - INFO  - 158 - click dashboard
12-05-2024 23:06:23 - [hbAxa] - [TC_PA_List_newTC.java] - [dashboard_tc] - INFO  - 160 - check Approved
12-05-2024 23:06:23 - [hbAxa] - [TC_PA_List_newTC.java] - [dashboard_tc] - INFO  - 164 - check decliend_PA
12-05-2024 23:06:23 - [hbAxa] - [TC_PA_List_newTC.java] - [dashboard_tc] - INFO  - 166 - check logout
12-05-2024 23:06:23 - [hbAxa] - [TC_PA_List_newTC.java] - [dashboard_tc] - INFO  - 168 - check pending_PA
12-05-2024 23:06:23 - [hbAxa] - [TC_PA_List_newTC.java] - [dashboard_tc] - INFO  - 172 - checktotal_PA
Full Page Screenshot taken
12-05-2024 23:06:25 - [hbAxa] - [TC_PA_List_newTC.java] - [dashboard_tc] - INFO  - 175 - full Screenshot Caputered for Dashboard
]]></system-out>
    <system-err><![CDATA[Starting ChromeDriver 114.0.5735.90 (386bc09e8f4f2e025eddae123f36f6263096ae49-refs/branch-heads/5735@{#1052}) on port 44032
Only local connections are allowed.
Please see https://chromedriver.chromium.org/security-considerations for suggestions on keeping ChromeDriver safe.
ChromeDriver was started successfully.
Dec 05, 2024 11:06:13 PM org.openqa.selenium.remote.ProtocolHandshake createSession
INFO: Detected dialect: W3C
]]></system-err>
  </testcase>
</testsuite>