<?xml version="1.0" encoding="UTF-8"?>
<!-- Generated by org.testng.reporters.JUnitReportReporter -->
<testsuite hostname="WIN10-434MMJ2" failures="0" tests="1" name="com.hbaxa.testcases.TC_PA_List_newTC" time="11.152" errors="0" timestamp="5 Dec 2024 17:36:29 GMT">
  <testcase classname="com.hbaxa.testcases.TC_PA_List_newTC" name="dashboard_tc" time="11.152"/>
</testsuite> <!-- com.hbaxa.testcases.TC_PA_List_newTC -->
